  main.cpp
D:\CADCG\Selfstudy_Course\Games101\Assignment\Games101_Assignment\Assignment8\Assignment8\Scene.hpp(1,1): warning C4819: 该文件包含不能在当前代码页(936)中表示的字符。请将该文件保存为 Unicode 格式以防止数据丢失
D:\CADCG\Selfstudy_Course\Games101\Assignment\Games101_Assignment\Assignment8\Assignment8\global.hpp(19,46): warning C4244: “=”: 从“double”转换到“float”，可能丢失数据
D:\CADCG\Selfstudy_Course\Games101\Assignment\Games101_Assignment\Assignment8\Assignment8\global.hpp(21,17): warning C4244: “初始化”: 从“double”转换到“float”，可能丢失数据
D:\CADCG\Selfstudy_Course\Games101\Assignment\Games101_Assignment\Assignment8\Assignment8\global.hpp(45,13): warning C4244: “初始化”: 从“float”转换到“int”，可能丢失数据
D:\CADCG\Selfstudy_Course\Games101\Assignment\Games101_Assignment\Assignment8\Assignment8\Ray.hpp(16,68): warning C4244: “参数”: 从“double”转换到“float”，可能丢失数据
D:\CADCG\Selfstudy_Course\Games101\Assignment\Games101_Assignment\Assignment8\Assignment8\Ray.hpp(16,52): warning C4244: “参数”: 从“double”转换到“float”，可能丢失数据
D:\CADCG\Selfstudy_Course\Games101\Assignment\Games101_Assignment\Assignment8\Assignment8\Ray.hpp(16,36): warning C4244: “参数”: 从“double”转换到“float”，可能丢失数据
D:\CADCG\Selfstudy_Course\Games101\Assignment\Games101_Assignment\Assignment8\Assignment8\Ray.hpp(22,65): warning C4244: “参数”: 从“double”转换到“const float”，可能丢失数据
D:\CADCG\Selfstudy_Course\Games101\Assignment\Games101_Assignment\Assignment8\Assignment8\Bounds3.hpp(20,41): warning C4244: “参数”: 从“double”转换到“float”，可能丢失数据
D:\CADCG\Selfstudy_Course\Games101\Assignment\Games101_Assignment\Assignment8\Assignment8\Bounds3.hpp(20,33): warning C4244: “参数”: 从“double”转换到“float”，可能丢失数据
D:\CADCG\Selfstudy_Course\Games101\Assignment\Games101_Assignment\Assignment8\Assignment8\Bounds3.hpp(20,25): warning C4244: “参数”: 从“double”转换到“float”，可能丢失数据
D:\CADCG\Selfstudy_Course\Games101\Assignment\Games101_Assignment\Assignment8\Assignment8\Bounds3.hpp(21,41): warning C4244: “参数”: 从“double”转换到“float”，可能丢失数据
D:\CADCG\Selfstudy_Course\Games101\Assignment\Games101_Assignment\Assignment8\Assignment8\Bounds3.hpp(21,33): warning C4244: “参数”: 从“double”转换到“float”，可能丢失数据
D:\CADCG\Selfstudy_Course\Games101\Assignment\Games101_Assignment\Assignment8\Assignment8\Bounds3.hpp(21,25): warning C4244: “参数”: 从“double”转换到“float”，可能丢失数据
D:\CADCG\Selfstudy_Course\Games101\Assignment\Games101_Assignment\Assignment8\Assignment8\Bounds3.hpp(103,44): warning C4244: “=”: 从“double”转换到“float”，可能丢失数据
D:\CADCG\Selfstudy_Course\Games101\Assignment\Games101_Assignment\Assignment8\Assignment8\Bounds3.hpp(104,43): warning C4244: “=”: 从“double”转换到“float”，可能丢失数据
D:\CADCG\Selfstudy_Course\Games101\Assignment\Games101_Assignment\Assignment8\Assignment8\AreaLight.hpp(1,1): warning C4819: 该文件包含不能在当前代码页(936)中表示的字符。请将该文件保存为 Unicode 格式以防止数据丢失
D:\CADCG\Selfstudy_Course\Games101\Assignment\Games101_Assignment\Assignment8\Assignment8\Scene.hpp(43,80): error C2143: 语法错误: 缺少“;”(在“&”的前面)
D:\CADCG\Selfstudy_Course\Games101\Assignment\Games101_Assignment\Assignment8\Assignment8\Scene.hpp(43,63): error C2838: “vector”: 成员声明中的限定名称非法
D:\CADCG\Selfstudy_Course\Games101\Assignment\Games101_Assignment\Assignment8\Assignment8\Scene.hpp(43,80): warning C4228: 使用了非标准扩展: 忽略声明符列表中逗号后面的限定符
D:\CADCG\Selfstudy_Course\Games101\Assignment\Games101_Assignment\Assignment8\Assignment8\Scene.hpp(44,95): error C2059: 语法错误:“)”
D:\CADCG\Selfstudy_Course\Games101\Assignment\Games101_Assignment\Assignment8\Assignment8\Scene.hpp(44,96): error C2238: 意外的标记位于“;”之前
D:\CADCG\Selfstudy_Course\Games101\Assignment\Games101_Assignment\Assignment8\Assignment8\Scene.hpp(23,30): warning C4305: “参数”: 从“double”到“float”截断
D:\CADCG\Selfstudy_Course\Games101\Assignment\Games101_Assignment\Assignment8\Assignment8\Scene.hpp(25,27): warning C4305: “初始化”: 从“double”到“float”截断
D:\CADCG\Selfstudy_Course\Games101\Assignment\Games101_Assignment\Assignment8\Assignment8\Scene.hpp(28,5): error C2530: “Scene::shadowPointOrig”: 必须初始化引用
D:\CADCG\Selfstudy_Course\Games101\Assignment\Games101_Assignment\Assignment8\Assignment8\Scene.hpp(74,23): error C2065: “eta”: 未声明的标识符
D:\CADCG\Selfstudy_Course\Games101\Assignment\Games101_Assignment\Assignment8\Assignment8\Scene.hpp(74,29): error C2065: “eta”: 未声明的标识符
D:\CADCG\Selfstudy_Course\Games101\Assignment\Games101_Assignment\Assignment8\Assignment8\Scene.hpp(75,28): error C2065: “eta”: 未声明的标识符
D:\CADCG\Selfstudy_Course\Games101\Assignment\Games101_Assignment\Assignment8\Assignment8\Scene.hpp(75,39): error C2065: “eta”: 未声明的标识符
D:\CADCG\Selfstudy_Course\Games101\Assignment\Games101_Assignment\Assignment8\Assignment8\OBJ_Loader.hpp(944,33): warning C4244: “初始化”: 从“double”转换到“float”，可能丢失数据
D:\CADCG\Selfstudy_Course\Games101\Assignment\Games101_Assignment\Assignment8\Assignment8\Triangle.hpp(181,23): warning C4244: “初始化”: 从“int”转换到“float”，可能丢失数据
D:\CADCG\Selfstudy_Course\Games101\Assignment\Games101_Assignment\Assignment8\Assignment8\Triangle.hpp(184,1): warning C4305: “参数”: 从“double”到“float”截断
D:\CADCG\Selfstudy_Course\Games101\Assignment\Games101_Assignment\Assignment8\Assignment8\Triangle.hpp(258,33): warning C4244: “参数”: 从“double”转换到“const float”，可能丢失数据
D:\CADCG\Selfstudy_Course\Games101\Assignment\Games101_Assignment\Assignment8\Assignment8\Sphere.hpp(81,21): warning C4244: “初始化”: 从“double”转换到“float”，可能丢失数据
  Scene.cpp
D:\CADCG\Selfstudy_Course\Games101\Assignment\Games101_Assignment\Assignment8\Assignment8\Scene.cpp(1,1): warning C4819: 该文件包含不能在当前代码页(936)中表示的字符。请将该文件保存为 Unicode 格式以防止数据丢失
D:\CADCG\Selfstudy_Course\Games101\Assignment\Games101_Assignment\Assignment8\Assignment8\Scene.hpp(1,1): warning C4819: 该文件包含不能在当前代码页(936)中表示的字符。请将该文件保存为 Unicode 格式以防止数据丢失
D:\CADCG\Selfstudy_Course\Games101\Assignment\Games101_Assignment\Assignment8\Assignment8\global.hpp(19,46): warning C4244: “=”: 从“double”转换到“float”，可能丢失数据
D:\CADCG\Selfstudy_Course\Games101\Assignment\Games101_Assignment\Assignment8\Assignment8\global.hpp(21,17): warning C4244: “初始化”: 从“double”转换到“float”，可能丢失数据
D:\CADCG\Selfstudy_Course\Games101\Assignment\Games101_Assignment\Assignment8\Assignment8\global.hpp(45,13): warning C4244: “初始化”: 从“float”转换到“int”，可能丢失数据
D:\CADCG\Selfstudy_Course\Games101\Assignment\Games101_Assignment\Assignment8\Assignment8\Ray.hpp(16,68): warning C4244: “参数”: 从“double”转换到“float”，可能丢失数据
D:\CADCG\Selfstudy_Course\Games101\Assignment\Games101_Assignment\Assignment8\Assignment8\Ray.hpp(16,52): warning C4244: “参数”: 从“double”转换到“float”，可能丢失数据
D:\CADCG\Selfstudy_Course\Games101\Assignment\Games101_Assignment\Assignment8\Assignment8\Ray.hpp(16,36): warning C4244: “参数”: 从“double”转换到“float”，可能丢失数据
D:\CADCG\Selfstudy_Course\Games101\Assignment\Games101_Assignment\Assignment8\Assignment8\Ray.hpp(22,65): warning C4244: “参数”: 从“double”转换到“const float”，可能丢失数据
D:\CADCG\Selfstudy_Course\Games101\Assignment\Games101_Assignment\Assignment8\Assignment8\Bounds3.hpp(20,41): warning C4244: “参数”: 从“double”转换到“float”，可能丢失数据
D:\CADCG\Selfstudy_Course\Games101\Assignment\Games101_Assignment\Assignment8\Assignment8\Bounds3.hpp(20,33): warning C4244: “参数”: 从“double”转换到“float”，可能丢失数据
D:\CADCG\Selfstudy_Course\Games101\Assignment\Games101_Assignment\Assignment8\Assignment8\Bounds3.hpp(20,25): warning C4244: “参数”: 从“double”转换到“float”，可能丢失数据
D:\CADCG\Selfstudy_Course\Games101\Assignment\Games101_Assignment\Assignment8\Assignment8\Bounds3.hpp(21,41): warning C4244: “参数”: 从“double”转换到“float”，可能丢失数据
D:\CADCG\Selfstudy_Course\Games101\Assignment\Games101_Assignment\Assignment8\Assignment8\Bounds3.hpp(21,33): warning C4244: “参数”: 从“double”转换到“float”，可能丢失数据
D:\CADCG\Selfstudy_Course\Games101\Assignment\Games101_Assignment\Assignment8\Assignment8\Bounds3.hpp(21,25): warning C4244: “参数”: 从“double”转换到“float”，可能丢失数据
D:\CADCG\Selfstudy_Course\Games101\Assignment\Games101_Assignment\Assignment8\Assignment8\Bounds3.hpp(103,44): warning C4244: “=”: 从“double”转换到“float”，可能丢失数据
D:\CADCG\Selfstudy_Course\Games101\Assignment\Games101_Assignment\Assignment8\Assignment8\Bounds3.hpp(104,43): warning C4244: “=”: 从“double”转换到“float”，可能丢失数据
D:\CADCG\Selfstudy_Course\Games101\Assignment\Games101_Assignment\Assignment8\Assignment8\AreaLight.hpp(1,1): warning C4819: 该文件包含不能在当前代码页(936)中表示的字符。请将该文件保存为 Unicode 格式以防止数据丢失
D:\CADCG\Selfstudy_Course\Games101\Assignment\Games101_Assignment\Assignment8\Assignment8\Scene.hpp(43,80): error C2143: 语法错误: 缺少“;”(在“&”的前面)
D:\CADCG\Selfstudy_Course\Games101\Assignment\Games101_Assignment\Assignment8\Assignment8\Scene.hpp(43,63): error C2838: “vector”: 成员声明中的限定名称非法
D:\CADCG\Selfstudy_Course\Games101\Assignment\Games101_Assignment\Assignment8\Assignment8\Scene.hpp(43,80): warning C4228: 使用了非标准扩展: 忽略声明符列表中逗号后面的限定符
D:\CADCG\Selfstudy_Course\Games101\Assignment\Games101_Assignment\Assignment8\Assignment8\Scene.hpp(44,95): error C2059: 语法错误:“)”
D:\CADCG\Selfstudy_Course\Games101\Assignment\Games101_Assignment\Assignment8\Assignment8\Scene.hpp(44,96): error C2238: 意外的标记位于“;”之前
D:\CADCG\Selfstudy_Course\Games101\Assignment\Games101_Assignment\Assignment8\Assignment8\Scene.hpp(23,30): warning C4305: “参数”: 从“double”到“float”截断
D:\CADCG\Selfstudy_Course\Games101\Assignment\Games101_Assignment\Assignment8\Assignment8\Scene.hpp(25,27): warning C4305: “初始化”: 从“double”到“float”截断
D:\CADCG\Selfstudy_Course\Games101\Assignment\Games101_Assignment\Assignment8\Assignment8\Scene.hpp(28,5): error C2530: “Scene::shadowPointOrig”: 必须初始化引用
D:\CADCG\Selfstudy_Course\Games101\Assignment\Games101_Assignment\Assignment8\Assignment8\Scene.hpp(74,23): error C2065: “eta”: 未声明的标识符
D:\CADCG\Selfstudy_Course\Games101\Assignment\Games101_Assignment\Assignment8\Assignment8\Scene.hpp(74,29): error C2065: “eta”: 未声明的标识符
D:\CADCG\Selfstudy_Course\Games101\Assignment\Games101_Assignment\Assignment8\Assignment8\Scene.hpp(75,28): error C2065: “eta”: 未声明的标识符
D:\CADCG\Selfstudy_Course\Games101\Assignment\Games101_Assignment\Assignment8\Assignment8\Scene.hpp(75,39): error C2065: “eta”: 未声明的标识符
D:\CADCG\Selfstudy_Course\Games101\Assignment\Games101_Assignment\Assignment8\Assignment8\Scene.cpp(64,21): error C2065: “pdf_light”: 未声明的标识符
D:\CADCG\Selfstudy_Course\Games101\Assignment\Games101_Assignment\Assignment8\Assignment8\Scene.cpp(72,15): error C2065: “temp_inter”: 未声明的标识符
D:\CADCG\Selfstudy_Course\Games101\Assignment\Games101_Assignment\Assignment8\Assignment8\Scene.cpp(79,40): error C2065: “ray”: 未声明的标识符
  Renderer.cpp
D:\CADCG\Selfstudy_Course\Games101\Assignment\Games101_Assignment\Assignment8\Assignment8\Scene.hpp(1,1): warning C4819: 该文件包含不能在当前代码页(936)中表示的字符。请将该文件保存为 Unicode 格式以防止数据丢失
D:\CADCG\Selfstudy_Course\Games101\Assignment\Games101_Assignment\Assignment8\Assignment8\global.hpp(19,46): warning C4244: “=”: 从“double”转换到“float”，可能丢失数据
D:\CADCG\Selfstudy_Course\Games101\Assignment\Games101_Assignment\Assignment8\Assignment8\global.hpp(21,17): warning C4244: “初始化”: 从“double”转换到“float”，可能丢失数据
D:\CADCG\Selfstudy_Course\Games101\Assignment\Games101_Assignment\Assignment8\Assignment8\global.hpp(45,13): warning C4244: “初始化”: 从“float”转换到“int”，可能丢失数据
D:\CADCG\Selfstudy_Course\Games101\Assignment\Games101_Assignment\Assignment8\Assignment8\Ray.hpp(16,68): warning C4244: “参数”: 从“double”转换到“float”，可能丢失数据
D:\CADCG\Selfstudy_Course\Games101\Assignment\Games101_Assignment\Assignment8\Assignment8\Ray.hpp(16,52): warning C4244: “参数”: 从“double”转换到“float”，可能丢失数据
D:\CADCG\Selfstudy_Course\Games101\Assignment\Games101_Assignment\Assignment8\Assignment8\Ray.hpp(16,36): warning C4244: “参数”: 从“double”转换到“float”，可能丢失数据
D:\CADCG\Selfstudy_Course\Games101\Assignment\Games101_Assignment\Assignment8\Assignment8\Ray.hpp(22,65): warning C4244: “参数”: 从“double”转换到“const float”，可能丢失数据
D:\CADCG\Selfstudy_Course\Games101\Assignment\Games101_Assignment\Assignment8\Assignment8\Bounds3.hpp(20,41): warning C4244: “参数”: 从“double”转换到“float”，可能丢失数据
D:\CADCG\Selfstudy_Course\Games101\Assignment\Games101_Assignment\Assignment8\Assignment8\Bounds3.hpp(20,33): warning C4244: “参数”: 从“double”转换到“float”，可能丢失数据
D:\CADCG\Selfstudy_Course\Games101\Assignment\Games101_Assignment\Assignment8\Assignment8\Bounds3.hpp(20,25): warning C4244: “参数”: 从“double”转换到“float”，可能丢失数据
D:\CADCG\Selfstudy_Course\Games101\Assignment\Games101_Assignment\Assignment8\Assignment8\Bounds3.hpp(21,41): warning C4244: “参数”: 从“double”转换到“float”，可能丢失数据
D:\CADCG\Selfstudy_Course\Games101\Assignment\Games101_Assignment\Assignment8\Assignment8\Bounds3.hpp(21,33): warning C4244: “参数”: 从“double”转换到“float”，可能丢失数据
D:\CADCG\Selfstudy_Course\Games101\Assignment\Games101_Assignment\Assignment8\Assignment8\Bounds3.hpp(21,25): warning C4244: “参数”: 从“double”转换到“float”，可能丢失数据
D:\CADCG\Selfstudy_Course\Games101\Assignment\Games101_Assignment\Assignment8\Assignment8\Bounds3.hpp(103,44): warning C4244: “=”: 从“double”转换到“float”，可能丢失数据
D:\CADCG\Selfstudy_Course\Games101\Assignment\Games101_Assignment\Assignment8\Assignment8\Bounds3.hpp(104,43): warning C4244: “=”: 从“double”转换到“float”，可能丢失数据
D:\CADCG\Selfstudy_Course\Games101\Assignment\Games101_Assignment\Assignment8\Assignment8\AreaLight.hpp(1,1): warning C4819: 该文件包含不能在当前代码页(936)中表示的字符。请将该文件保存为 Unicode 格式以防止数据丢失
D:\CADCG\Selfstudy_Course\Games101\Assignment\Games101_Assignment\Assignment8\Assignment8\Scene.hpp(43,80): error C2143: 语法错误: 缺少“;”(在“&”的前面)
D:\CADCG\Selfstudy_Course\Games101\Assignment\Games101_Assignment\Assignment8\Assignment8\Scene.hpp(43,63): error C2838: “vector”: 成员声明中的限定名称非法
D:\CADCG\Selfstudy_Course\Games101\Assignment\Games101_Assignment\Assignment8\Assignment8\Scene.hpp(43,80): warning C4228: 使用了非标准扩展: 忽略声明符列表中逗号后面的限定符
D:\CADCG\Selfstudy_Course\Games101\Assignment\Games101_Assignment\Assignment8\Assignment8\Scene.hpp(44,95): error C2059: 语法错误:“)”
D:\CADCG\Selfstudy_Course\Games101\Assignment\Games101_Assignment\Assignment8\Assignment8\Scene.hpp(44,96): error C2238: 意外的标记位于“;”之前
D:\CADCG\Selfstudy_Course\Games101\Assignment\Games101_Assignment\Assignment8\Assignment8\Scene.hpp(23,30): warning C4305: “参数”: 从“double”到“float”截断
D:\CADCG\Selfstudy_Course\Games101\Assignment\Games101_Assignment\Assignment8\Assignment8\Scene.hpp(25,27): warning C4305: “初始化”: 从“double”到“float”截断
D:\CADCG\Selfstudy_Course\Games101\Assignment\Games101_Assignment\Assignment8\Assignment8\Scene.hpp(28,5): error C2530: “Scene::shadowPointOrig”: 必须初始化引用
D:\CADCG\Selfstudy_Course\Games101\Assignment\Games101_Assignment\Assignment8\Assignment8\Scene.hpp(74,23): error C2065: “eta”: 未声明的标识符
D:\CADCG\Selfstudy_Course\Games101\Assignment\Games101_Assignment\Assignment8\Assignment8\Scene.hpp(74,29): error C2065: “eta”: 未声明的标识符
D:\CADCG\Selfstudy_Course\Games101\Assignment\Games101_Assignment\Assignment8\Assignment8\Scene.hpp(75,28): error C2065: “eta”: 未声明的标识符
D:\CADCG\Selfstudy_Course\Games101\Assignment\Games101_Assignment\Assignment8\Assignment8\Scene.hpp(75,39): error C2065: “eta”: 未声明的标识符
D:\CADCG\Selfstudy_Course\Games101\Assignment\Games101_Assignment\Assignment8\Assignment8\Renderer.cpp(10,60): warning C4244: “return”: 从“double”转换到“float”，可能丢失数据
D:\CADCG\Selfstudy_Course\Games101\Assignment\Games101_Assignment\Assignment8\Assignment8\Renderer.cpp(12,30): warning C4305: “初始化”: 从“double”到“float”截断
D:\CADCG\Selfstudy_Course\Games101\Assignment\Games101_Assignment\Assignment8\Assignment8\Renderer.cpp(21,41): warning C4244: “参数”: 从“double”转换到“const float”，可能丢失数据
D:\CADCG\Selfstudy_Course\Games101\Assignment\Games101_Assignment\Assignment8\Assignment8\Renderer.cpp(29,28): warning C4018: “<”: 有符号/无符号不匹配
D:\CADCG\Selfstudy_Course\Games101\Assignment\Games101_Assignment\Assignment8\Assignment8\Renderer.cpp(30,32): warning C4018: “<”: 有符号/无符号不匹配
D:\CADCG\Selfstudy_Course\Games101\Assignment\Games101_Assignment\Assignment8\Assignment8\Renderer.cpp(34,21): warning C4244: “初始化”: 从“double”转换到“float”，可能丢失数据
D:\CADCG\Selfstudy_Course\Games101\Assignment\Games101_Assignment\Assignment8\Assignment8\Renderer.cpp(36,21): warning C4244: “初始化”: 从“double”转换到“float”，可能丢失数据
D:\CADCG\Selfstudy_Course\Games101\Assignment\Games101_Assignment\Assignment8\Assignment8\Renderer.cpp(40,73): warning C4244: “参数”: 从“int”转换到“const float”，可能丢失数据
D:\CADCG\Selfstudy_Course\Games101\Assignment\Games101_Assignment\Assignment8\Assignment8\Renderer.cpp(49,16): warning C4996: 'fopen': This function or variable may be unsafe. Consider using fopen_s instead. To disable deprecation, use _CRT_SECURE_NO_WARNINGS. See online help for details.
  正在生成代码...
