  Renderer.cpp
D:\CADCG\Selfstudy_Course\Games101\Assignment\Games101_Assignment\Assignment7\Renderer.cpp(1,1): warning C4819: 该文件包含不能在当前代码页(936)中表示的字符。请将该文件保存为 Unicode 格式以防止数据丢失
D:\CADCG\Selfstudy_Course\Games101\Assignment\Games101_Assignment\Assignment7\Vector.hpp(1,1): warning C4819: 该文件包含不能在当前代码页(936)中表示的字符。请将该文件保存为 Unicode 格式以防止数据丢失
D:\CADCG\Selfstudy_Course\Games101\Assignment\Games101_Assignment\Assignment7\global.hpp(1,1): warning C4819: 该文件包含不能在当前代码页(936)中表示的字符。请将该文件保存为 Unicode 格式以防止数据丢失
D:\CADCG\Selfstudy_Course\Games101\Assignment\Games101_Assignment\Assignment7\global.hpp(19,46): warning C4244: “=”: 从“double”转换到“float”，可能丢失数据
D:\CADCG\Selfstudy_Course\Games101\Assignment\Games101_Assignment\Assignment7\global.hpp(21,17): warning C4244: “初始化”: 从“double”转换到“float”，可能丢失数据
D:\CADCG\Selfstudy_Course\Games101\Assignment\Games101_Assignment\Assignment7\global.hpp(45,13): warning C4244: “初始化”: 从“float”转换到“int”，可能丢失数据
D:\CADCG\Selfstudy_Course\Games101\Assignment\Games101_Assignment\Assignment7\Ray.hpp(16,68): warning C4244: “参数”: 从“double”转换到“float”，可能丢失数据
D:\CADCG\Selfstudy_Course\Games101\Assignment\Games101_Assignment\Assignment7\Ray.hpp(16,52): warning C4244: “参数”: 从“double”转换到“float”，可能丢失数据
D:\CADCG\Selfstudy_Course\Games101\Assignment\Games101_Assignment\Assignment7\Ray.hpp(16,36): warning C4244: “参数”: 从“double”转换到“float”，可能丢失数据
D:\CADCG\Selfstudy_Course\Games101\Assignment\Games101_Assignment\Assignment7\Ray.hpp(22,65): warning C4244: “参数”: 从“double”转换到“const float”，可能丢失数据
D:\CADCG\Selfstudy_Course\Games101\Assignment\Games101_Assignment\Assignment7\Bounds3.hpp(20,41): warning C4244: “参数”: 从“double”转换到“float”，可能丢失数据
D:\CADCG\Selfstudy_Course\Games101\Assignment\Games101_Assignment\Assignment7\Bounds3.hpp(20,33): warning C4244: “参数”: 从“double”转换到“float”，可能丢失数据
D:\CADCG\Selfstudy_Course\Games101\Assignment\Games101_Assignment\Assignment7\Bounds3.hpp(20,25): warning C4244: “参数”: 从“double”转换到“float”，可能丢失数据
D:\CADCG\Selfstudy_Course\Games101\Assignment\Games101_Assignment\Assignment7\Bounds3.hpp(21,41): warning C4244: “参数”: 从“double”转换到“float”，可能丢失数据
D:\CADCG\Selfstudy_Course\Games101\Assignment\Games101_Assignment\Assignment7\Bounds3.hpp(21,33): warning C4244: “参数”: 从“double”转换到“float”，可能丢失数据
D:\CADCG\Selfstudy_Course\Games101\Assignment\Games101_Assignment\Assignment7\Bounds3.hpp(21,25): warning C4244: “参数”: 从“double”转换到“float”，可能丢失数据
D:\CADCG\Selfstudy_Course\Games101\Assignment\Games101_Assignment\Assignment7\Intersection.hpp(1,1): warning C4819: 该文件包含不能在当前代码页(936)中表示的字符。请将该文件保存为 Unicode 格式以防止数据丢失
D:\CADCG\Selfstudy_Course\Games101\Assignment\Games101_Assignment\Assignment7\Scene.hpp(23,30): warning C4305: “参数”: 从“double”到“float”截断
D:\CADCG\Selfstudy_Course\Games101\Assignment\Games101_Assignment\Assignment7\Scene.hpp(25,27): warning C4305: “初始化”: 从“double”到“float”截断
D:\CADCG\Selfstudy_Course\Games101\Assignment\Games101_Assignment\Assignment7\Renderer.cpp(10,60): warning C4244: “return”: 从“double”转换到“float”，可能丢失数据
D:\CADCG\Selfstudy_Course\Games101\Assignment\Games101_Assignment\Assignment7\Renderer.cpp(12,30): warning C4305: “初始化”: 从“double”到“float”截断
D:\CADCG\Selfstudy_Course\Games101\Assignment\Games101_Assignment\Assignment7\Renderer.cpp(21,41): warning C4244: “参数”: 从“double”转换到“const float”，可能丢失数据
D:\CADCG\Selfstudy_Course\Games101\Assignment\Games101_Assignment\Assignment7\Renderer.cpp(35,21): warning C4244: “初始化”: 从“double”转换到“float”，可能丢失数据
D:\CADCG\Selfstudy_Course\Games101\Assignment\Games101_Assignment\Assignment7\Renderer.cpp(37,21): warning C4244: “初始化”: 从“double”转换到“float”，可能丢失数据
D:\CADCG\Selfstudy_Course\Games101\Assignment\Games101_Assignment\Assignment7\Renderer.cpp(41,86): warning C4244: “参数”: 从“int”转换到“const float”，可能丢失数据
D:\CADCG\Selfstudy_Course\Games101\Assignment\Games101_Assignment\Assignment7\Renderer.cpp(57,16): warning C4996: 'fopen': This function or variable may be unsafe. Consider using fopen_s instead. To disable deprecation, use _CRT_SECURE_NO_WARNINGS. See online help for details.
  RayTracing.vcxproj -> D:\CADCG\Selfstudy_Course\Games101\Assignment\Games101_Assignment\Assignment7\build\Debug\RayTracing.exe
